d:\_repositories\neuer ordner\jsonconfigreader\configreader\debug\vc142.pdb
d:\_repositories\neuer ordner\jsonconfigreader\configreader\debug\vc142.idb
d:\_repositories\neuer ordner\jsonconfigreader\configreader\debug\main.obj
d:\_repositories\neuer ordner\jsonconfigreader\configreader\debug\json.obj
d:\_repositories\neuer ordner\jsonconfigreader\configreader\debug\configreader.obj
d:\_repositories\neuer ordner\jsonconfigreader\configreader\debug\configreader.ilk
d:\_repositories\neuer ordner\jsonconfigreader\debug\configreader.exe
d:\_repositories\neuer ordner\jsonconfigreader\debug\configreader.pdb
d:\_repositories\projects\neuer ordner\jsonconfigreader\configreader\debug\configreader.obj
d:\_repositories\projects\neuer ordner\jsonconfigreader\configreader\debug\json.obj
d:\_repositories\projects\neuer ordner\jsonconfigreader\configreader\debug\main.obj
d:\_repositories\projects\neuer ordner\jsonconfigreader\configreader\debug\configreader.ilk
d:\_repositories\projects\neuer ordner\jsonconfigreader\configreader\debug\vc142.idb
d:\_repositories\projects\neuer ordner\jsonconfigreader\configreader\debug\vc142.pdb
d:\_repositories\projects\neuer ordner\jsonconfigreader\debug\configreader.pdb
d:\_repositories\projects\neuer ordner\jsonconfigreader\debug\configreader.exe
d:\_repositories\projects\neuer ordner\jsonconfigreader\configreader\debug\configreader.tlog\cl.command.1.tlog
d:\_repositories\projects\neuer ordner\jsonconfigreader\configreader\debug\configreader.tlog\cl.read.1.tlog
d:\_repositories\projects\neuer ordner\jsonconfigreader\configreader\debug\configreader.tlog\cl.write.1.tlog
d:\_repositories\projects\neuer ordner\jsonconfigreader\configreader\debug\configreader.tlog\link.command.1.tlog
d:\_repositories\projects\neuer ordner\jsonconfigreader\configreader\debug\configreader.tlog\link.read.1.tlog
d:\_repositories\projects\neuer ordner\jsonconfigreader\configreader\debug\configreader.tlog\link.write.1.tlog
